<?xml version="1.0" encoding="UTF-8"?>
<!-- Generated by org.testng.reporters.JUnitReportReporter -->
<testsuite hostname="Rakshitha" failures="0" tests="2" name="ParallelTest" time="15.010" errors="0" timestamp="2025-08-20T12:10:20 IST" skipped="0">
  <testcase classname="ParallelTest" name="testChrome" time="5.311"/>
  <testcase classname="ParallelTest" name="testfirefox" time="9.699"/>
</testsuite> <!-- ParallelTest -->
