<?xml version="1.0" encoding="UTF-8"?>
<!-- Generated by org.testng.reporters.JUnitReportReporter -->
<testsuite hostname="Rakshitha" failures="0" tests="1" name="v1.AppTest" time="0.666" errors="0" timestamp="2025-08-20T10:19:52 IST" skipped="0">
  <testcase classname="v1.AppTest" name="firstTest" time="0.666"/>
</testsuite> <!-- v1.AppTest -->
