<?xml version="1.0" encoding="UTF-8"?>
<!-- Generated by org.testng.reporters.JUnitReportReporter -->
<testsuite hostname="Rakshitha" failures="0" tests="2" name="v3.AssertionsTest" time="8.174" errors="0" timestamp="2025-08-20T16:45:09 IST" skipped="0">
  <testcase classname="v3.AssertionsTest" name="testTitle" time="8.170"/>
  <testcase classname="v3.AssertionsTest" name="verifySomething" time="0.004"/>
</testsuite> <!-- v3.AssertionsTest -->
