<?xml version="1.0" encoding="UTF-8"?>
<!-- Generated by org.testng.reporters.JUnitReportReporter -->
<testsuite hostname="Rakshitha" failures="0" tests="2" name="v3.TestSuitesDemo" time="0.022" errors="0" timestamp="2025-08-20T17:01:34 IST" skipped="0">
  <testcase classname="v3.TestSuitesDemo" name="verifySomething" time="0.002"/>
  <testcase classname="v3.TestSuitesDemo" name="login" time="0.020"/>
</testsuite> <!-- v3.TestSuitesDemo -->
