<?xml version="1.0" encoding="UTF-8"?>
<!-- Generated by org.testng.reporters.JUnitReportReporter -->
<testsuite hostname="Rakshitha" failures="0" tests="1" name="v2.ParameterizationTest" time="8.544" errors="0" timestamp="2025-08-20T15:51:27 IST" skipped="0">
  <testcase classname="v2.ParameterizationTest" name="openSite" time="8.544"/>
</testsuite> <!-- v2.ParameterizationTest -->
