<?xml version="1.0" encoding="UTF-8"?>
<!-- Generated by org.testng.reporters.JUnitReportReporter -->
<testsuite hostname="Rakshitha" failures="0" tests="2" name="v2.DependencyTest" time="0.029" errors="0" timestamp="2025-08-20T15:50:46 IST" skipped="0">
  <testcase classname="v2.DependencyTest" name="startApp" time="0.024"/>
  <testcase classname="v2.DependencyTest" name="login" time="0.005"/>
</testsuite> <!-- v2.DependencyTest -->
