<?xml version="1.0" encoding="UTF-8"?>
<!-- Generated by org.testng.reporters.JUnitReportReporter -->
<testsuite hostname="Rakshitha" failures="0" tests="6" name="v2.MultiThreadTest" time="0.195" errors="0" timestamp="2025-08-20T15:07:57 IST" skipped="0">
  <testcase classname="v2.MultiThreadTest" name="testMultiThread" time="0.056"/>
  <testcase classname="v2.MultiThreadTest" name="testMultiThread" time="0.008"/>
  <testcase classname="v2.MultiThreadTest" name="testMultiThread" time="0.056"/>
  <testcase classname="v2.MultiThreadTest" name="testMultiThread" time="0.010"/>
  <testcase classname="v2.MultiThreadTest" name="testMultiThread" time="0.057"/>
  <testcase classname="v2.MultiThreadTest" name="testMultiThread" time="0.008"/>
</testsuite> <!-- v2.MultiThreadTest -->
