<?xml version="1.0" encoding="UTF-8"?>
<!-- Generated by org.testng.reporters.JUnitReportReporter -->
<testsuite hostname="Rakshitha" failures="0" tests="1" name="v2.ExtentReportTest" time="4.728" errors="0" timestamp="2025-08-20T15:50:00 IST" skipped="0">
  <testcase classname="v2.ExtentReportTest" name="demoReport" time="4.728"/>
</testsuite> <!-- v2.ExtentReportTest -->
