<?xml version="1.0" encoding="UTF-8"?>
<!-- Generated by org.testng.reporters.JUnitReportReporter -->
<testsuite hostname="Rakshitha" failures="0" tests="1" name="v4.ExtentReport" time="3.306" errors="0" timestamp="2025-08-20T16:37:48 IST" skipped="0">
  <testcase classname="v4.ExtentReport" name="demoReport" time="3.306"/>
</testsuite> <!-- v4.ExtentReport -->
