<?xml version="1.0" encoding="UTF-8"?>
<!-- Generated by org.testng.reporters.JUnitReportReporter -->
<testsuite hostname="Rakshitha" failures="0" tests="2" name="v4.DataProvidersTest" time="0.032" errors="0" timestamp="2025-08-20T16:36:47 IST" skipped="0">
  <testcase classname="v4.DataProvidersTest" name="testLogin" time="0.029"/>
  <testcase classname="v4.DataProvidersTest" name="testLogin" time="0.003"/>
</testsuite> <!-- v4.DataProvidersTest -->
